This file contains any messages produced by compilers while
running configure, to aid debugging if configure makes a mistake.

It was created by mingw-w64-winpthreads configure 1.0, which was
generated by GNU Autoconf 2.69.  Invocation command line was

  $ ./configure 

## --------- ##
## Platform. ##
## --------- ##

hostname = DESKTOP-ANIHA2P
uname -m = x86_64
uname -r = 2.11.2(0.329/5/3)
uname -s = MINGW64_NT-10.0
uname -v = 2018-11-10 14:38

/usr/bin/uname -p = unknown
/bin/uname -X     = unknown

/bin/arch              = x86_64
/usr/bin/arch -k       = unknown
/usr/convex/getsysinfo = unknown
/usr/bin/hostinfo      = unknown
/bin/machine           = unknown
/usr/bin/oslevel       = unknown
/bin/universe          = unknown

PATH: /c/Users/EDZ/bin
PATH: /mingw64/bin
PATH: /usr/local/bin
PATH: /usr/bin
PATH: /bin
PATH: /mingw64/bin
PATH: /usr/bin
PATH: /c/Users/EDZ/bin
PATH: /c/WINDOWS/system32
PATH: /c/WINDOWS
PATH: /c/WINDOWS/System32/Wbem
PATH: /c/WINDOWS/System32/WindowsPowerShell/v1.0
PATH: %USERPROFILE%/.dnx/bin
PATH: /c/Program Files/Microsoft DNX/Dnvm
PATH: /c/Program Files (x86)/Windows Kits/8.1/Windows Performance Toolkit
PATH: /cmd
PATH: /mingw64/bin
PATH: /usr/bin
PATH: /c/Program Files/CMake/bin
PATH: /c/Qt/Qt5.9.1/5.9.1/msvc2015_64/bin
PATH: /c/Qt/Qt5.9.1/5.9.1/msvc2015/bin
PATH: /c/WINDOWS/System32/OpenSSH
PATH: /c/Program Files/TortoiseSVN/bin
PATH: /c/Program Files/Java/jdk1.8.0_201/bin
PATH: /c/Users/EDZ/AppData/Local/Microsoft/WindowsApps
PATH: /c/Users/EDZ/AppData/Local/Programs/Microsoft VS Code/bin
PATH: /usr/bin/vendor_perl
PATH: /usr/bin/core_perl


## ----------- ##
## Core tests. ##
## ----------- ##

configure:2346: checking for a BSD-compatible install
configure:2414: result: /usr/bin/install -c
configure:2425: checking whether build environment is sane
configure:2480: result: yes
configure:2631: checking for a thread-safe mkdir -p
configure:2670: result: /usr/bin/mkdir -p
configure:2677: checking for gawk
configure:2693: found /usr/bin/gawk
configure:2704: result: gawk
configure:2715: checking whether make sets $(MAKE)
configure:2741: result: no
configure:2766: checking whether make supports nested variables
configure:2783: result: no
configure:2910: checking whether to enable maintainer-specific portions of Makefiles
configure:2919: result: no
configure:2937: checking build system type
configure:2951: result: x86_64-pc-mingw64
configure:2971: checking host system type
configure:2984: result: x86_64-pc-mingw64
configure:3055: checking for gcc
configure:3085: result: no
configure:3148: checking for cc
configure:3195: result: no
configure:3251: checking for cl.exe
configure:3281: result: no
configure:3305: error: in `/c/Users/EDZ/Desktop/workspace/etools/src/libs_external/winpthreads':
configure:3307: error: no acceptable C compiler found in $PATH
See `config.log' for more details

## ---------------- ##
## Cache variables. ##
## ---------------- ##

ac_cv_build=x86_64-pc-mingw64
ac_cv_env_CCASFLAGS_set=
ac_cv_env_CCASFLAGS_value=
ac_cv_env_CCAS_set=
ac_cv_env_CCAS_value=
ac_cv_env_CC_set=
ac_cv_env_CC_value=
ac_cv_env_CFLAGS_set=
ac_cv_env_CFLAGS_value=
ac_cv_env_CPPFLAGS_set=
ac_cv_env_CPPFLAGS_value=
ac_cv_env_CPP_set=
ac_cv_env_CPP_value=
ac_cv_env_LDFLAGS_set=
ac_cv_env_LDFLAGS_value=
ac_cv_env_LIBS_set=
ac_cv_env_LIBS_value=
ac_cv_env_LT_SYS_LIBRARY_PATH_set=
ac_cv_env_LT_SYS_LIBRARY_PATH_value=
ac_cv_env_build_alias_set=
ac_cv_env_build_alias_value=
ac_cv_env_host_alias_set=
ac_cv_env_host_alias_value=
ac_cv_env_target_alias_set=
ac_cv_env_target_alias_value=
ac_cv_host=x86_64-pc-mingw64
ac_cv_path_install='/usr/bin/install -c'
ac_cv_path_mkdir=/usr/bin/mkdir
ac_cv_prog_AWK=gawk
ac_cv_prog_make_make_set=no
am_cv_make_support_nested_variables=no

## ----------------- ##
## Output variables. ##
## ----------------- ##

ACLOCAL='${SHELL} /c/Users/EDZ/Desktop/workspace/etools/src/libs_external/winpthreads/build-aux/missing aclocal-1.15'
AMDEPBACKSLASH=''
AMDEP_FALSE=''
AMDEP_TRUE=''
AMTAR='$${TAR-tar}'
AM_BACKSLASH='\'
AM_DEFAULT_V='1'
AM_DEFAULT_VERBOSITY='1'
AM_V='1'
AR=''
AS=''
AUTOCONF='${SHELL} /c/Users/EDZ/Desktop/workspace/etools/src/libs_external/winpthreads/build-aux/missing autoconf'
AUTOHEADER='${SHELL} /c/Users/EDZ/Desktop/workspace/etools/src/libs_external/winpthreads/build-aux/missing autoheader'
AUTOMAKE='${SHELL} /c/Users/EDZ/Desktop/workspace/etools/src/libs_external/winpthreads/build-aux/missing automake-1.15'
AWK='gawk'
CC=''
CCAS=''
CCASDEPMODE=''
CCASFLAGS=''
CCDEPMODE=''
CFLAGS=''
COPY_SHARED_FALSE=''
COPY_SHARED_TRUE=''
COPY_STATIC_FALSE=''
COPY_STATIC_TRUE=''
CPP=''
CPPFLAGS=''
CYGPATH_W='cygpath -w'
DEFS=''
DEPDIR=''
DLLTOOL=''
DSYMUTIL=''
DUMPBIN=''
ECHO_C=''
ECHO_N='-n'
ECHO_T=''
EGREP=''
EXEEXT=''
FGREP=''
GREP=''
INSTALL_DATA='${INSTALL} -m 644'
INSTALL_PROGRAM='${INSTALL}'
INSTALL_SCRIPT='${INSTALL}'
INSTALL_STRIP_PROGRAM='$(install_sh) -c -s'
LD=''
LDFLAGS=''
LIBOBJS=''
LIBS=''
LIBTOOL=''
LIPO=''
LN_S=''
LTLIBOBJS=''
LT_OBJDIR=''
LT_SYS_LIBRARY_PATH=''
MAINT='#'
MAINTAINER_MODE_FALSE=''
MAINTAINER_MODE_TRUE='#'
MAKEINFO='${SHELL} /c/Users/EDZ/Desktop/workspace/etools/src/libs_external/winpthreads/build-aux/missing makeinfo'
MANIFEST_TOOL=''
MKDIR_P='/usr/bin/mkdir -p'
NM=''
NMEDIT=''
OBJDUMP=''
OBJEXT=''
OTOOL64=''
OTOOL=''
PACKAGE='mingw-w64-winpthreads'
PACKAGE_BUGREPORT='mingw-w64-public@lists.sf.net'
PACKAGE_NAME='mingw-w64-winpthreads'
PACKAGE_STRING='mingw-w64-winpthreads 1.0'
PACKAGE_TARNAME='mingw-w64-winpthreads'
PACKAGE_URL=''
PACKAGE_VERSION='1.0'
PATH_SEPARATOR=':'
RANLIB=''
RC=''
RCFLAGS=''
SED=''
SET_MAKE='MAKE=make'
SHELL='/bin/sh'
STRIP=''
VERSION='1.0'
ac_ct_AR=''
ac_ct_CC=''
ac_ct_DUMPBIN=''
am__EXEEXT_FALSE=''
am__EXEEXT_TRUE=''
am__fastdepCCAS_FALSE=''
am__fastdepCCAS_TRUE=''
am__fastdepCC_FALSE=''
am__fastdepCC_TRUE=''
am__include=''
am__isrc=''
am__leading_dot='.'
am__nodep=''
am__quote=''
am__tar='$${TAR-tar} chof - "$$tardir"'
am__untar='$${TAR-tar} xf -'
bindir='${exec_prefix}/bin'
build='x86_64-pc-mingw64'
build_alias=''
build_cpu='x86_64'
build_os='mingw64'
build_vendor='pc'
datadir='${datarootdir}'
datarootdir='${prefix}/share'
docdir='${datarootdir}/doc/${PACKAGE_TARNAME}'
dvidir='${docdir}'
exec_prefix='NONE'
host='x86_64-pc-mingw64'
host_alias=''
host_cpu='x86_64'
host_os='mingw64'
host_vendor='pc'
htmldir='${docdir}'
includedir='${prefix}/include'
infodir='${datarootdir}/info'
install_sh='${SHELL} /c/Users/EDZ/Desktop/workspace/etools/src/libs_external/winpthreads/build-aux/install-sh'
libdir='${exec_prefix}/lib'
libexecdir='${exec_prefix}/libexec'
localedir='${datarootdir}/locale'
localstatedir='${prefix}/var'
mandir='${datarootdir}/man'
mkdir_p='$(MKDIR_P)'
oldincludedir='/usr/include'
pdfdir='${docdir}'
prefix='NONE'
program_transform_name='s,x,x,'
psdir='${docdir}'
sbindir='${exec_prefix}/sbin'
sharedstatedir='${prefix}/com'
sysconfdir='${prefix}/etc'
target_alias=''

## ----------- ##
## confdefs.h. ##
## ----------- ##

/* confdefs.h */
#define PACKAGE_NAME "mingw-w64-winpthreads"
#define PACKAGE_TARNAME "mingw-w64-winpthreads"
#define PACKAGE_VERSION "1.0"
#define PACKAGE_STRING "mingw-w64-winpthreads 1.0"
#define PACKAGE_BUGREPORT "mingw-w64-public@lists.sf.net"
#define PACKAGE_URL ""
#define PACKAGE "mingw-w64-winpthreads"
#define VERSION "1.0"

configure: exit 1
